0 info it worked if it ends with ok
1 verbose cli [ '/Users/townmi/tools/nvm/versions/node/v6.2.2/bin/node',
1 verbose cli   '/Users/townmi/tools/nvm/versions/node/v6.2.2/bin/npm',
1 verbose cli   'run',
1 verbose cli   'lint' ]
2 info using npm@3.9.5
3 info using node@v6.2.2
4 verbose run-script [ 'prelint', 'lint', 'postlint' ]
5 info lifecycle angular-tesla-range-calculator@0.0.0~prelint: angular-tesla-range-calculator@0.0.0
6 silly lifecycle angular-tesla-range-calculator@0.0.0~prelint: no script for prelint, continuing
7 info lifecycle angular-tesla-range-calculator@0.0.0~lint: angular-tesla-range-calculator@0.0.0
8 verbose lifecycle angular-tesla-range-calculator@0.0.0~lint: unsafe-perm in lifecycle true
9 verbose lifecycle angular-tesla-range-calculator@0.0.0~lint: PATH: /Users/townmi/tools/nvm/versions/node/v6.2.2/lib/node_modules/npm/bin/node-gyp-bin:/Users/townmi/github/home/node_modules/.bin:/Users/townmi/tools/nvm/versions/node/v6.2.2/bin:/Users/townmi/tools/nvm/versions/node/v6.2.2/bin:/usr/local/bin:/usr/bin:/bin:/usr/sbin:/sbin:/bin:/Users/townmi/golang/bin:/Users/townmi/.rvm/bin:/Users/townmi/.rvm/bin
10 verbose lifecycle angular-tesla-range-calculator@0.0.0~lint: CWD: /Users/townmi/github/home
11 silly lifecycle angular-tesla-range-calculator@0.0.0~lint: Args: [ '-c', 'tslint "src/**/*.ts"' ]
12 silly lifecycle angular-tesla-range-calculator@0.0.0~lint: Returned: code: 2  signal: null
13 info lifecycle angular-tesla-range-calculator@0.0.0~lint: Failed to exec lint script
14 verbose stack Error: angular-tesla-range-calculator@0.0.0 lint: `tslint "src/**/*.ts"`
14 verbose stack Exit status 2
14 verbose stack     at EventEmitter.<anonymous> (/Users/townmi/tools/nvm/versions/node/v6.2.2/lib/node_modules/npm/lib/utils/lifecycle.js:245:16)
14 verbose stack     at emitTwo (events.js:106:13)
14 verbose stack     at EventEmitter.emit (events.js:191:7)
14 verbose stack     at ChildProcess.<anonymous> (/Users/townmi/tools/nvm/versions/node/v6.2.2/lib/node_modules/npm/lib/utils/spawn.js:24:14)
14 verbose stack     at emitTwo (events.js:106:13)
14 verbose stack     at ChildProcess.emit (events.js:191:7)
14 verbose stack     at maybeClose (internal/child_process.js:852:16)
14 verbose stack     at Process.ChildProcess._handle.onexit (internal/child_process.js:215:5)
15 verbose pkgid angular-tesla-range-calculator@0.0.0
16 verbose cwd /Users/townmi/github/home
17 error Darwin 15.6.0
18 error argv "/Users/townmi/tools/nvm/versions/node/v6.2.2/bin/node" "/Users/townmi/tools/nvm/versions/node/v6.2.2/bin/npm" "run" "lint"
19 error node v6.2.2
20 error npm  v3.9.5
21 error code ELIFECYCLE
22 error angular-tesla-range-calculator@0.0.0 lint: `tslint "src/**/*.ts"`
22 error Exit status 2
23 error Failed at the angular-tesla-range-calculator@0.0.0 lint script 'tslint "src/**/*.ts"'.
23 error Make sure you have the latest version of node.js and npm installed.
23 error If you do, this is most likely a problem with the angular-tesla-range-calculator package,
23 error not with npm itself.
23 error Tell the author that this fails on your system:
23 error     tslint "src/**/*.ts"
23 error You can get information on how to open an issue for this project with:
23 error     npm bugs angular-tesla-range-calculator
23 error Or if that isn't available, you can get their info via:
23 error     npm owner ls angular-tesla-range-calculator
23 error There is likely additional logging output above.
24 verbose exit [ 1, true ]
